2016/12/04 08:20:03 [error] [exception.CHttpException.404] exception 'CHttpException' with message 'Unable to resolve the request "gii".' in C:\xampp\htdocs\yii\framework\web\CWebApplication.php:286
Stack trace:
#0 C:\xampp\htdocs\yii\framework\web\CWebApplication.php(141): CWebApplication->runController('gii')
#1 C:\xampp\htdocs\yii\framework\base\CApplication.php(184): CWebApplication->processRequest()
#2 C:\xampp\htdocs\generus_sase\index.php(13): CApplication->run()
#3 {main}
REQUEST_URI=/generus_sase/index.php?r=gii
---
2016/12/04 08:20:33 [error] [exception.CHttpException.404] exception 'CHttpException' with message 'Unable to resolve the request "gii".' in C:\xampp\htdocs\yii\framework\web\CWebApplication.php:286
Stack trace:
#0 C:\xampp\htdocs\yii\framework\web\CWebApplication.php(141): CWebApplication->runController('gii')
#1 C:\xampp\htdocs\yii\framework\base\CApplication.php(184): CWebApplication->processRequest()
#2 C:\xampp\htdocs\generus_sase\index.php(13): CApplication->run()
#3 {main}
REQUEST_URI=/generus_sase/index.php?r=gii
---
2016/12/04 08:23:58 [error] [exception.CHttpException.403] exception 'CHttpException' with message 'You are not authorized to perform this action.' in C:\xampp\htdocs\yii\framework\web\auth\CAccessControlFilter.php:182
Stack trace:
#0 C:\xampp\htdocs\yii\framework\web\auth\CAccessControlFilter.php(145): CAccessControlFilter->accessDenied(Object(CWebUser), 'You are not aut...')
#1 C:\xampp\htdocs\yii\framework\web\filters\CFilter.php(38): CAccessControlFilter->preFilter(Object(CFilterChain))
#2 C:\xampp\htdocs\yii\framework\web\CController.php(1145): CFilter->filter(Object(CFilterChain))
#3 C:\xampp\htdocs\yii\framework\web\filters\CInlineFilter.php(58): CController->filterAccessControl(Object(CFilterChain))
#4 C:\xampp\htdocs\yii\framework\web\filters\CFilterChain.php(130): CInlineFilter->filter(Object(CFilterChain))
#5 C:\xampp\htdocs\yii\framework\web\CController.php(291): CFilterChain->run()
#6 C:\xampp\htdocs\yii\framework\web\CController.php(265): CController->runActionWithFilters(Object(CInlineAction), Array)
#7 C:\xampp\htdocs\yii\framework\web\CWebApplication.php(282): CController->run('admin')
#8 C:\xampp\htdocs\yii\framework\web\CWebApplication.php(141): CWebApplication->runController('santri/admin')
#9 C:\xampp\htdocs\yii\framework\base\CApplication.php(184): CWebApplication->processRequest()
#10 C:\xampp\htdocs\generus_sase\index.php(13): CApplication->run()
#11 {main}
REQUEST_URI=/generus_sase/index.php?r=santri/admin
HTTP_REFERER=http://localhost/generus_sase/index.php?r=site/login
---
2016/12/04 08:24:04 [error] [exception.CHttpException.403] exception 'CHttpException' with message 'You are not authorized to perform this action.' in C:\xampp\htdocs\yii\framework\web\auth\CAccessControlFilter.php:182
Stack trace:
#0 C:\xampp\htdocs\yii\framework\web\auth\CAccessControlFilter.php(145): CAccessControlFilter->accessDenied(Object(CWebUser), 'You are not aut...')
#1 C:\xampp\htdocs\yii\framework\web\filters\CFilter.php(38): CAccessControlFilter->preFilter(Object(CFilterChain))
#2 C:\xampp\htdocs\yii\framework\web\CController.php(1145): CFilter->filter(Object(CFilterChain))
#3 C:\xampp\htdocs\yii\framework\web\filters\CInlineFilter.php(58): CController->filterAccessControl(Object(CFilterChain))
#4 C:\xampp\htdocs\yii\framework\web\filters\CFilterChain.php(130): CInlineFilter->filter(Object(CFilterChain))
#5 C:\xampp\htdocs\yii\framework\web\CController.php(291): CFilterChain->run()
#6 C:\xampp\htdocs\yii\framework\web\CController.php(265): CController->runActionWithFilters(Object(CInlineAction), Array)
#7 C:\xampp\htdocs\yii\framework\web\CWebApplication.php(282): CController->run('admin')
#8 C:\xampp\htdocs\yii\framework\web\CWebApplication.php(141): CWebApplication->runController('santri/admin')
#9 C:\xampp\htdocs\yii\framework\base\CApplication.php(184): CWebApplication->processRequest()
#10 C:\xampp\htdocs\generus_sase\index.php(13): CApplication->run()
#11 {main}
REQUEST_URI=/generus_sase/index.php?r=santri/admin
HTTP_REFERER=http://localhost/generus_sase/index.php?r=site/login
---
2016/12/04 08:24:22 [error] [exception.CHttpException.403] exception 'CHttpException' with message 'You are not authorized to perform this action.' in C:\xampp\htdocs\yii\framework\web\auth\CAccessControlFilter.php:182
Stack trace:
#0 C:\xampp\htdocs\yii\framework\web\auth\CAccessControlFilter.php(145): CAccessControlFilter->accessDenied(Object(CWebUser), 'You are not aut...')
#1 C:\xampp\htdocs\yii\framework\web\filters\CFilter.php(38): CAccessControlFilter->preFilter(Object(CFilterChain))
#2 C:\xampp\htdocs\yii\framework\web\CController.php(1145): CFilter->filter(Object(CFilterChain))
#3 C:\xampp\htdocs\yii\framework\web\filters\CInlineFilter.php(58): CController->filterAccessControl(Object(CFilterChain))
#4 C:\xampp\htdocs\yii\framework\web\filters\CFilterChain.php(130): CInlineFilter->filter(Object(CFilterChain))
#5 C:\xampp\htdocs\yii\framework\web\CController.php(291): CFilterChain->run()
#6 C:\xampp\htdocs\yii\framework\web\CController.php(265): CController->runActionWithFilters(Object(CInlineAction), Array)
#7 C:\xampp\htdocs\yii\framework\web\CWebApplication.php(282): CController->run('admin')
#8 C:\xampp\htdocs\yii\framework\web\CWebApplication.php(141): CWebApplication->runController('santri/admin')
#9 C:\xampp\htdocs\yii\framework\base\CApplication.php(184): CWebApplication->processRequest()
#10 C:\xampp\htdocs\generus_sase\index.php(13): CApplication->run()
#11 {main}
REQUEST_URI=/generus_sase/index.php?r=santri/admin
HTTP_REFERER=http://localhost/generus_sase/index.php?r=site/login
---
2016/12/04 08:33:58 [error] [exception.CHttpException.404] exception 'CHttpException' with message 'The system is unable to find the requested action "loadModel".' in C:\xampp\htdocs\yii\framework\web\CController.php:483
Stack trace:
#0 C:\xampp\htdocs\yii\framework\web\CController.php(270): CController->missingAction('loadModel')
#1 C:\xampp\htdocs\yii\framework\web\CWebApplication.php(282): CController->run('loadModel')
#2 C:\xampp\htdocs\yii\framework\web\CWebApplication.php(141): CWebApplication->runController('site/loadModel')
#3 C:\xampp\htdocs\yii\framework\base\CApplication.php(184): CWebApplication->processRequest()
#4 C:\xampp\htdocs\generus_sase\index.php(13): CApplication->run()
#5 {main}
REQUEST_URI=/generus_sase/index.php?r=site/loadModel
---
2016/12/04 08:47:59 [error] [php] Undefined variable: select (C:\xampp\htdocs\generus_sase\protected\views\site\index.php:32)
Stack trace:
#0 C:\xampp\htdocs\yii\framework\web\CController.php(869): SiteController->renderFile()
#1 C:\xampp\htdocs\yii\framework\web\CController.php(782): SiteController->renderPartial()
#2 C:\xampp\htdocs\generus_sase\protected\controllers\SiteController.php(32): SiteController->render()
#3 C:\xampp\htdocs\yii\framework\web\actions\CInlineAction.php(49): SiteController->actionIndex()
#4 C:\xampp\htdocs\yii\framework\web\CController.php(308): CInlineAction->runWithParams()
#5 C:\xampp\htdocs\yii\framework\web\CController.php(286): SiteController->runAction()
#6 C:\xampp\htdocs\yii\framework\web\CController.php(265): SiteController->runActionWithFilters()
#7 C:\xampp\htdocs\yii\framework\web\CWebApplication.php(282): SiteController->run()
#8 C:\xampp\htdocs\yii\framework\web\CWebApplication.php(141): CWebApplication->runController()
#9 C:\xampp\htdocs\yii\framework\base\CApplication.php(184): CWebApplication->processRequest()
#10 C:\xampp\htdocs\generus_sase\index.php(13): CWebApplication->run()
REQUEST_URI=/generus_sase/index.php?r=site/index
in C:\xampp\htdocs\generus_sase\protected\views\site\index.php (32)
in C:\xampp\htdocs\generus_sase\protected\controllers\SiteController.php (32)
in C:\xampp\htdocs\generus_sase\index.php (13)
2016/12/04 08:50:49 [error] [php] strpos() expects parameter 1 to be string, object given (C:\xampp\htdocs\yii\framework\web\helpers\CHtml.php:2676)
Stack trace:
#0 C:\xampp\htdocs\yii\framework\web\helpers\CHtml.php(1980): resolveNameID()
#1 C:\xampp\htdocs\yii\framework\web\widgets\CActiveForm.php(914): activeDropDownList()
#2 C:\xampp\htdocs\generus_sase\protected\views\santri\_form.php(41): CActiveForm->dropDownList()
#3 C:\xampp\htdocs\yii\framework\web\CBaseController.php(126): require()
#4 C:\xampp\htdocs\yii\framework\web\CBaseController.php(95): SantriController->renderInternal()
#5 C:\xampp\htdocs\yii\framework\web\CController.php(869): SantriController->renderFile()
#6 C:\xampp\htdocs\generus_sase\protected\views\santri\create.php(18): SantriController->renderPartial()
#7 C:\xampp\htdocs\yii\framework\web\CBaseController.php(126): require()
#8 C:\xampp\htdocs\yii\framework\web\CBaseController.php(95): SantriController->renderInternal()
#9 C:\xampp\htdocs\yii\framework\web\CController.php(869): SantriController->renderFile()
#10 C:\xampp\htdocs\yii\framework\web\CController.php(782): SantriController->renderPartial()
#11 C:\xampp\htdocs\generus_sase\protected\controllers\SantriController.php(79): SantriController->render()
#12 C:\xampp\htdocs\yii\framework\web\actions\CInlineAction.php(49): SantriController->actionCreate()
#13 C:\xampp\htdocs\yii\framework\web\CController.php(308): CInlineAction->runWithParams()
#14 C:\xampp\htdocs\yii\framework\web\filters\CFilterChain.php(133): SantriController->runAction()
#15 C:\xampp\htdocs\yii\framework\web\filters\CFilter.php(40): CFilterChain->run()
#16 C:\xampp\htdocs\yii\framework\web\CController.php(1145): CAccessControlFilter->filter()
#17 C:\xampp\htdocs\yii\framework\web\filters\CInlineFilter.php(58): SantriController->filterAccessControl()
#18 C:\xampp\htdocs\yii\framework\web\filters\CFilterChain.php(130): CInlineFilter->filter()
#19 C:\xampp\htdocs\yii\framework\web\CController.php(291): CFilterChain->run()
#20 C:\xampp\htdocs\yii\framework\web\CController.php(265): SantriController->runActionWithFilters()
#21 C:\xampp\htdocs\yii\framework\web\CWebApplication.php(282): SantriController->run()
#22 C:\xampp\htdocs\yii\framework\web\CWebApplication.php(141): CWebApplication->runController()
#23 C:\xampp\htdocs\yii\framework\base\CApplication.php(184): CWebApplication->processRequest()
#24 C:\xampp\htdocs\generus_sase\index.php(13): CWebApplication->run()
REQUEST_URI=/generus_sase/index.php?r=santri/create
in C:\xampp\htdocs\generus_sase\protected\views\santri\_form.php (41)
in C:\xampp\htdocs\generus_sase\protected\views\santri\create.php (18)
in C:\xampp\htdocs\generus_sase\protected\controllers\SantriController.php (79)
2016/12/04 08:50:49 [error] [php] strpos() expects parameter 1 to be string, object given (C:\xampp\htdocs\yii\framework\web\helpers\CHtml.php:2676)
Stack trace:
#0 C:\xampp\htdocs\yii\framework\web\helpers\CHtml.php(1980): resolveNameID()
#1 C:\xampp\htdocs\yii\framework\web\widgets\CActiveForm.php(914): activeDropDownList()
#2 C:\xampp\htdocs\generus_sase\protected\views\santri\_form.php(41): CActiveForm->dropDownList()
#3 C:\xampp\htdocs\yii\framework\web\CBaseController.php(126): require()
#4 C:\xampp\htdocs\yii\framework\web\CBaseController.php(95): SantriController->renderInternal()
#5 C:\xampp\htdocs\yii\framework\web\CController.php(869): SantriController->renderFile()
#6 C:\xampp\htdocs\generus_sase\protected\views\santri\create.php(18): SantriController->renderPartial()
#7 C:\xampp\htdocs\yii\framework\web\CBaseController.php(126): require()
#8 C:\xampp\htdocs\yii\framework\web\CBaseController.php(95): SantriController->renderInternal()
#9 C:\xampp\htdocs\yii\framework\web\CController.php(869): SantriController->renderFile()
#10 C:\xampp\htdocs\yii\framework\web\CController.php(782): SantriController->renderPartial()
#11 C:\xampp\htdocs\generus_sase\protected\controllers\SantriController.php(79): SantriController->render()
#12 C:\xampp\htdocs\yii\framework\web\actions\CInlineAction.php(49): SantriController->actionCreate()
#13 C:\xampp\htdocs\yii\framework\web\CController.php(308): CInlineAction->runWithParams()
#14 C:\xampp\htdocs\yii\framework\web\filters\CFilterChain.php(133): SantriController->runAction()
#15 C:\xampp\htdocs\yii\framework\web\filters\CFilter.php(40): CFilterChain->run()
#16 C:\xampp\htdocs\yii\framework\web\CController.php(1145): CAccessControlFilter->filter()
#17 C:\xampp\htdocs\yii\framework\web\filters\CInlineFilter.php(58): SantriController->filterAccessControl()
#18 C:\xampp\htdocs\yii\framework\web\filters\CFilterChain.php(130): CInlineFilter->filter()
#19 C:\xampp\htdocs\yii\framework\web\CController.php(291): CFilterChain->run()
#20 C:\xampp\htdocs\yii\framework\web\CController.php(265): SantriController->runActionWithFilters()
#21 C:\xampp\htdocs\yii\framework\web\CWebApplication.php(282): SantriController->run()
#22 C:\xampp\htdocs\yii\framework\web\CWebApplication.php(141): CWebApplication->runController()
#23 C:\xampp\htdocs\yii\framework\base\CApplication.php(184): CWebApplication->processRequest()
#24 C:\xampp\htdocs\generus_sase\index.php(13): CWebApplication->run()
REQUEST_URI=/generus_sase/index.php?r=santri/create
in C:\xampp\htdocs\generus_sase\protected\views\santri\_form.php (41)
in C:\xampp\htdocs\generus_sase\protected\views\santri\create.php (18)
in C:\xampp\htdocs\generus_sase\protected\controllers\SantriController.php (79)
